<?xml version="1.0" encoding="UTF-8"?>
<testsuite name="ru.netology.api2.PostTest" tests="1" skipped="0" failures="0" errors="0" timestamp="2023-01-17T10:39:13" hostname="DESKTOP-31DJOJ0" time="3.453">
  <properties/>
  <testcase name="PostTestSuccess()" classname="ru.netology.api2.PostTest" time="3.453"/>
  <system-out><![CDATA[]]></system-out>
  <system-err><![CDATA[]]></system-err>
</testsuite>
